<?xml version="1.0" encoding="UTF-8"?>
<!-- Generated by org.testng.reporters.JUnitXMLReporter -->
<testsuite hostname="DESKTOP-I34MJDM" ignored="1" name="Surefire test" tests="3" failures="0" timestamp="12 Jun 2021 21:27:24 GMT" time="7.293" errors="0">
  <testcase name="testEntity" time="0.312" classname="paytm.MySampleTest"/>
  <testcase name="testEntity" time="0.454" classname="paytm.MySampleYamlTest"/>
  <testcase name="testUsingTestFramework" time="0.673" classname="paytm.MySampleYamlTest"/>
  <testcase name="testViaCatalog" time="0.0" classname="paytm.MySampleYamlTest">
    <ignored/>
  </testcase> <!-- testViaCatalog -->
</testsuite> <!-- Surefire test -->
